
Showing logs for build [32mcb-kubecd-environment-pr-201-7-jp5m7-1[0m stage [32mfrom-build-pack[0m and container [32mstep-credential-initializer-sr2gz[0m
{"level":"warn","ts":1586955400.129764,"logger":"fallback-logger","caller":"logging/config.go:69","msg":"Fetch GitHub commit ID from kodata failed: \"ref: refs/heads/0.8.0-**-support-backwards-incompats\" is not a valid GitHub commit ID"}
{"level":"info","ts":1586955400.1304374,"logger":"fallback-logger","caller":"creds-init/main.go:40","msg":"Credentials initialized."}

Showing logs for build [32mcb-kubecd-environment-pr-201-7-jp5m7-1[0m stage [32mfrom-build-pack[0m and container [32mstep-working-dir-initializer-cxrr4[0m
{"level":"warn","ts":1586955401.5165215,"logger":"fallback-logger","caller":"logging/config.go:69","msg":"Fetch GitHub commit ID from kodata failed: open /var/run/ko/HEAD: no such file or directory"}
{"level":"info","ts":1586955401.5183947,"logger":"fallback-logger","caller":"bash/main.go:64","msg":"Successfully executed command \"sh -c mkdir -p /workspace/source\"; output "}

Showing logs for build [32mcb-kubecd-environment-pr-201-7-jp5m7-1[0m stage [32mfrom-build-pack[0m and container [32mstep-place-tools[0m

Showing logs for build [32mcb-kubecd-environment-pr-201-7-jp5m7-1[0m stage [32mfrom-build-pack[0m and container [32mstep-git-source-cb-kubecd-environment-pr-201-7-jp5m7-ptn5h[0m
{"level":"warn","ts":1586955407.6115172,"logger":"fallback-logger","caller":"logging/config.go:69","msg":"Fetch GitHub commit ID from kodata failed: \"ref: refs/heads/0.8.0-**-support-backwards-incompats\" is not a valid GitHub commit ID"}
{"level":"info","ts":1586955408.6599286,"logger":"fallback-logger","caller":"git/git.go:103","msg":"Successfully cloned https://github.com/cb-kubecd/environment-pr-201-7-boot-vault-gke-production.git @ master in path /workspace/source"}

Showing logs for build [32mcb-kubecd-environment-pr-201-7-jp5m7-1[0m stage [32mfrom-build-pack[0m and container [32mstep-git-merge[0m
Using SHAs from PULL_REFS=master:b56ac71fd83854b293219224a099d4fd179b4eec,1:d4e2fae610c94ad0f64ed95a009a5d94da73c39d
DEBUG: LC_ALL=C JX_LOG_LEVEL=error git fetch origin --unshallow d4e2fae610c94ad0f64ed95a009a5d94da73c39d: b56ac71fd83854b293219224a099d4fd179b4eec:
DEBUG: ran git fetch --unshallow origin d4e2fae610c94ad0f64ed95a009a5d94da73c39d: b56ac71fd83854b293219224a099d4fd179b4eec: in 
DEBUG: LC_ALL=C JX_LOG_LEVEL=error git branch
DEBUG: LC_ALL=C JX_LOG_LEVEL=error git checkout master
DEBUG: ran git checkout master in 
DEBUG: LC_ALL=C JX_LOG_LEVEL=error git reset --hard b56ac71fd83854b293219224a099d4fd179b4eec
DEBUG: ran git reset --hard b56ac71fd83854b293219224a099d4fd179b4eec in 
DEBUG: LC_ALL=C JX_LOG_LEVEL=error git clean -fd .
DEBUG: ran clean --force -d . in 
DEBUG: LC_ALL=C JX_LOG_LEVEL=error git merge d4e2fae610c94ad0f64ed95a009a5d94da73c39d
DEBUG: ran git merge d4e2fae610c94ad0f64ed95a009a5d94da73c39d in 
DEBUG: LC_ALL=C JX_LOG_LEVEL=error git log --format=%H%x1f%an%x1f%ae%x1f%cn%x1f%ce%x1f%s%n%b%x1e b56ac71fd83854b293219224a099d4fd179b4eec..HEAD
Merged SHA d4e2fae610c94ad0f64ed95a009a5d94da73c39d with commit message 'chore: Promote bdd-spring-1586953936 to version 0.0.1' into base branch master

Showing logs for build [32mcb-kubecd-environment-pr-201-7-jp5m7-1[0m stage [32mfrom-build-pack[0m and container [32mstep-build-helm-build[0m
WARNING: No $CHART_REPOSITORY defined so using the default value of: http://jenkins-x-chartmuseum:8080
Adding missing Helm repo: storage.googleapis.com https://storage.googleapis.com/chartmuseum.jenkins-x.io
WARNING: No secrets found on "helm/repos" due: reading the secret "helm/repos" from vault: no secret "helm/repos" not found in vault
Read credentials for https://storage.googleapis.com/chartmuseum.jenkins-x.io from vault helm/repos
Successfully added Helm repository storage.googleapis.com.
Adding missing Helm repo: jenkins-x-chartmuseum http://jenkins-x-chartmuseum:8080
WARNING: No secrets found on "helm/repos" due: reading the secret "helm/repos" from vault: no secret "helm/repos" not found in vault
Read credentials for http://jenkins-x-chartmuseum:8080 from vault helm/repos
Successfully added Helm repository jenkins-x-chartmuseum.
WARNING: No $CHART_REPOSITORY defined so using the default value of: http://jenkins-x-chartmuseum:8080
Adding missing Helm repo: chartmuseum.jenkins-x.io http://chartmuseum.jenkins-x.io
WARNING: No secrets found on "helm/repos" due: reading the secret "helm/repos" from vault: no secret "helm/repos" not found in vault
Read credentials for http://chartmuseum.jenkins-x.io from vault helm/repos
Successfully added Helm repository chartmuseum.jenkins-x.io.
